---------------------------------------
Begin Slurm Prolog: Dec-02-2025 05:29:06
Job ID:    3739811
User ID:   kalyono3
Account:   coc
Job name:  xv2_wind_train
Partition: coc-gpu
QOS:       coc-ice
---------------------------------------
Starting job 3739811 on atl1-1-02-009-33-0
Tue Dec  2 05:29:06 2025       
+-----------------------------------------------------------------------------------------+
| NVIDIA-SMI 575.57.08              Driver Version: 575.57.08      CUDA Version: 12.9     |
|-----------------------------------------+------------------------+----------------------+
| GPU  Name                 Persistence-M | Bus-Id          Disp.A | Volatile Uncorr. ECC |
| Fan  Temp   Perf          Pwr:Usage/Cap |           Memory-Usage | GPU-Util  Compute M. |
|                                         |                        |               MIG M. |
|=========================================+========================+======================|
|   0  Tesla V100-PCIE-16GB           On  |   00000000:AF:00.0 Off |                    0 |
| N/A   40C    P0             25W /  250W |       0MiB /  16384MiB |      0%      Default |
|                                         |                        |                  N/A |
+-----------------------------------------+------------------------+----------------------+
                                                                                         
+-----------------------------------------------------------------------------------------+
| Processes:                                                                              |
|  GPU   GI   CI              PID   Type   Process name                        GPU Memory |
|        ID   ID                                                               Usage      |
|=========================================================================================|
|  No running processes found                                                             |
+-----------------------------------------------------------------------------------------+
main.py:9: UserWarning: 
The version_base parameter is not specified.
Please specify a compatability version level, or None.
Will assume defaults for version 1.1
  @hydra.main(config_path="conf", config_name="config")
/home/hice1/kalyono3/scratch/conda_venvs/xview2_strong_baseline/lib/python3.8/site-packages/hydra/_internal/defaults_list.py:251: UserWarning: In 'config': Defaults list is missing `_self_`. See https://hydra.cc/docs/1.2/upgrades/1.0_to_1.1/default_composition_order for more information
  warnings.warn(msg, UserWarning)
/home/hice1/kalyono3/scratch/conda_venvs/xview2_strong_baseline/lib/python3.8/site-packages/hydra/_internal/defaults_list.py:415: UserWarning: In config: Invalid overriding of hydra/job_logging:
Default list overrides requires 'override' keyword.
See https://hydra.cc/docs/1.2/upgrades/1.0_to_1.1/defaults_list_override for more information.

  deprecation_warning(msg)
/home/hice1/kalyono3/scratch/conda_venvs/xview2_strong_baseline/lib/python3.8/site-packages/hydra/_internal/defaults_list.py:415: UserWarning: In config: Invalid overriding of hydra/hydra_logging:
Default list overrides requires 'override' keyword.
See https://hydra.cc/docs/1.2/upgrades/1.0_to_1.1/defaults_list_override for more information.

  deprecation_warning(msg)
/home/hice1/kalyono3/scratch/conda_venvs/xview2_strong_baseline/lib/python3.8/site-packages/hydra/_internal/hydra.py:119: UserWarning: Future Hydra versions will no longer change working directory at job runtime by default.
See https://hydra.cc/docs/1.2/upgrades/1.1_to_1.2/changes_to_job_working_dir/ for more information.
  ret = run_job(
[rank: 0] Global seed set to 42
/home/hice1/kalyono3/scratch/conda_venvs/xview2_strong_baseline/lib/python3.8/site-packages/lightning/pytorch/utilities/parsing.py:196: UserWarning: Attribute 'model' is an instance of `nn.Module` and is already saved during checkpointing. It is recommended to ignore them using `self.save_hyperparameters(ignore=['model'])`.
  rank_zero_warn(
/home/hice1/kalyono3/scratch/conda_venvs/xview2_strong_baseline/lib/python3.8/site-packages/lightning/pytorch/utilities/parsing.py:196: UserWarning: Attribute 'loss_fn' is an instance of `nn.Module` and is already saved during checkpointing. It is recommended to ignore them using `self.save_hyperparameters(ignore=['loss_fn'])`.
  rank_zero_warn(
/home/hice1/kalyono3/scratch/conda_venvs/xview2_strong_baseline/lib/python3.8/site-packages/lightning/pytorch/utilities/parsing.py:196: UserWarning: Attribute 'train_metric' is an instance of `nn.Module` and is already saved during checkpointing. It is recommended to ignore them using `self.save_hyperparameters(ignore=['train_metric'])`.
  rank_zero_warn(
/home/hice1/kalyono3/scratch/conda_venvs/xview2_strong_baseline/lib/python3.8/site-packages/lightning/pytorch/utilities/parsing.py:196: UserWarning: Attribute 'val_metric' is an instance of `nn.Module` and is already saved during checkpointing. It is recommended to ignore them using `self.save_hyperparameters(ignore=['val_metric'])`.
  rank_zero_warn(
/home/hice1/kalyono3/scratch/conda_venvs/xview2_strong_baseline/lib/python3.8/site-packages/lightning/pytorch/utilities/parsing.py:196: UserWarning: Attribute 'test_metric' is an instance of `nn.Module` and is already saved during checkpointing. It is recommended to ignore them using `self.save_hyperparameters(ignore=['test_metric'])`.
  rank_zero_warn(
wandb: Tracking run with wandb version 0.15.8
wandb: W&B syncing is set to `offline` in this directory.  
wandb: Run `wandb online` or set WANDB_MODE=online to enable cloud syncing.
using weights from ResNet34_Weights.IMAGENET1K_V1
/home/hice1/kalyono3/scratch/conda_venvs/xview2_strong_baseline/lib/python3.8/site-packages/lightning/pytorch/loggers/wandb.py:396: UserWarning: There is a wandb run already in progress and newly created instances of `WandbLogger` will reuse this run. If this is not desired, call `wandb.finish()` before instantiating `WandbLogger`.
  rank_zero_warn(
Error executing job with overrides: ['data=supervised_data', 'trainer.devices=1', 'trainer.strategy=null', 'group=wind_supervised']
wandb: Waiting for W&B process to finish... (failed 1).
wandb: You can sync this run to the cloud by running:
wandb: wandb sync /home/hice1/kalyono3/xview2_strong_baseline/outputs/2025-12-02/05-29-21/wandb/offline-run-20251202_052924-t3p0kqtn
wandb: Find logs at: ./wandb/offline-run-20251202_052924-t3p0kqtn/logs
Traceback (most recent call last):
  File "main.py", line 34, in <module>
    main()
  File "/home/hice1/kalyono3/scratch/conda_venvs/xview2_strong_baseline/lib/python3.8/site-packages/hydra/main.py", line 94, in decorated_main
    _run_hydra(
  File "/home/hice1/kalyono3/scratch/conda_venvs/xview2_strong_baseline/lib/python3.8/site-packages/hydra/_internal/utils.py", line 394, in _run_hydra
    _run_app(
  File "/home/hice1/kalyono3/scratch/conda_venvs/xview2_strong_baseline/lib/python3.8/site-packages/hydra/_internal/utils.py", line 457, in _run_app
    run_and_report(
  File "/home/hice1/kalyono3/scratch/conda_venvs/xview2_strong_baseline/lib/python3.8/site-packages/hydra/_internal/utils.py", line 223, in run_and_report
    raise ex
  File "/home/hice1/kalyono3/scratch/conda_venvs/xview2_strong_baseline/lib/python3.8/site-packages/hydra/_internal/utils.py", line 220, in run_and_report
    return func()
  File "/home/hice1/kalyono3/scratch/conda_venvs/xview2_strong_baseline/lib/python3.8/site-packages/hydra/_internal/utils.py", line 458, in <lambda>
    lambda: hydra.run(
  File "/home/hice1/kalyono3/scratch/conda_venvs/xview2_strong_baseline/lib/python3.8/site-packages/hydra/_internal/hydra.py", line 132, in run
    _ = ret.return_value
  File "/home/hice1/kalyono3/scratch/conda_venvs/xview2_strong_baseline/lib/python3.8/site-packages/hydra/core/utils.py", line 260, in return_value
    raise self._return_value
  File "/home/hice1/kalyono3/scratch/conda_venvs/xview2_strong_baseline/lib/python3.8/site-packages/hydra/core/utils.py", line 186, in run_job
    ret.return_value = task_function(task_cfg)
  File "main.py", line 23, in main
    trainer = trainer(logger=logger)
  File "/home/hice1/kalyono3/scratch/conda_venvs/xview2_strong_baseline/lib/python3.8/site-packages/lightning/pytorch/utilities/argparse.py", line 69, in insert_env_defaults
    return fn(self, **kwargs)
  File "/home/hice1/kalyono3/scratch/conda_venvs/xview2_strong_baseline/lib/python3.8/site-packages/lightning/pytorch/trainer/trainer.py", line 398, in __init__
    self._accelerator_connector = _AcceleratorConnector(
  File "/home/hice1/kalyono3/scratch/conda_venvs/xview2_strong_baseline/lib/python3.8/site-packages/lightning/pytorch/trainer/connectors/accelerator_connector.py", line 140, in __init__
    self._check_config_and_set_final_flags(
  File "/home/hice1/kalyono3/scratch/conda_venvs/xview2_strong_baseline/lib/python3.8/site-packages/lightning/pytorch/trainer/connectors/accelerator_connector.py", line 209, in _check_config_and_set_final_flags
    raise ValueError(
ValueError: You selected an invalid strategy name: `strategy=None`. It must be either a string or an instance of `lightning.pytorch.strategies.Strategy`. Example choices: auto, ddp, ddp_spawn, deepspeed, ... Find a complete list of options in our documentation at https://lightning.ai
Traceback (most recent call last):
  File "main.py", line 34, in <module>
    main()
  File "/home/hice1/kalyono3/scratch/conda_venvs/xview2_strong_baseline/lib/python3.8/site-packages/hydra/main.py", line 94, in decorated_main
    _run_hydra(
  File "/home/hice1/kalyono3/scratch/conda_venvs/xview2_strong_baseline/lib/python3.8/site-packages/hydra/_internal/utils.py", line 394, in _run_hydra
    _run_app(
  File "/home/hice1/kalyono3/scratch/conda_venvs/xview2_strong_baseline/lib/python3.8/site-packages/hydra/_internal/utils.py", line 457, in _run_app
    run_and_report(
  File "/home/hice1/kalyono3/scratch/conda_venvs/xview2_strong_baseline/lib/python3.8/site-packages/hydra/_internal/utils.py", line 223, in run_and_report
    raise ex
  File "/home/hice1/kalyono3/scratch/conda_venvs/xview2_strong_baseline/lib/python3.8/site-packages/hydra/_internal/utils.py", line 220, in run_and_report
    return func()
  File "/home/hice1/kalyono3/scratch/conda_venvs/xview2_strong_baseline/lib/python3.8/site-packages/hydra/_internal/utils.py", line 458, in <lambda>
    lambda: hydra.run(
  File "/home/hice1/kalyono3/scratch/conda_venvs/xview2_strong_baseline/lib/python3.8/site-packages/hydra/_internal/hydra.py", line 132, in run
    _ = ret.return_value
  File "/home/hice1/kalyono3/scratch/conda_venvs/xview2_strong_baseline/lib/python3.8/site-packages/hydra/core/utils.py", line 260, in return_value
    raise self._return_value
  File "/home/hice1/kalyono3/scratch/conda_venvs/xview2_strong_baseline/lib/python3.8/site-packages/hydra/core/utils.py", line 186, in run_job
    ret.return_value = task_function(task_cfg)
  File "main.py", line 23, in main
    trainer = trainer(logger=logger)
  File "/home/hice1/kalyono3/scratch/conda_venvs/xview2_strong_baseline/lib/python3.8/site-packages/lightning/pytorch/utilities/argparse.py", line 69, in insert_env_defaults
    return fn(self, **kwargs)
  File "/home/hice1/kalyono3/scratch/conda_venvs/xview2_strong_baseline/lib/python3.8/site-packages/lightning/pytorch/trainer/trainer.py", line 398, in __init__
    self._accelerator_connector = _AcceleratorConnector(
  File "/home/hice1/kalyono3/scratch/conda_venvs/xview2_strong_baseline/lib/python3.8/site-packages/lightning/pytorch/trainer/connectors/accelerator_connector.py", line 140, in __init__
    self._check_config_and_set_final_flags(
  File "/home/hice1/kalyono3/scratch/conda_venvs/xview2_strong_baseline/lib/python3.8/site-packages/lightning/pytorch/trainer/connectors/accelerator_connector.py", line 209, in _check_config_and_set_final_flags
    raise ValueError(
ValueError: You selected an invalid strategy name: `strategy=None`. It must be either a string or an instance of `lightning.pytorch.strategies.Strategy`. Example choices: auto, ddp, ddp_spawn, deepspeed, ... Find a complete list of options in our documentation at https://lightning.ai
srun: error: atl1-1-02-009-33-0: task 0: Exited with exit code 1
---------------------------------------
Begin Slurm Epilog: Dec-02-2025 05:29:37
Job ID:        3739811
User ID:       kalyono3
Account:       coc
Job name:      xv2_wind_train
Resources:     cpu=4,gres/gpu:v100=1,mem=16G,node=1
Rsrc Used:     cput=00:02:04,vmem=0,walltime=00:00:31,mem=48168K,energy_used=0
Partition:     coc-gpu
QOS:           coc-ice
Nodes:         atl1-1-02-009-33-0
---------------------------------------
